<?xml version="1.0" encoding="UTF-8"?>
<!-- Generated by org.testng.reporters.JUnitXMLReporter -->
<testsuite hostname="TH1716" ignored="5" name="Test5" tests="1" failures="1" timestamp="17 Aug 2018 12:21:02 GMT" time="238.785" errors="0">
  <testcase name="login_test1" time="238.76" classname="login_multiuser.MultiUser_Test">
    <failure type="org.openqa.selenium.TimeoutException" message="Expected condition failed: waiting for visibility of element located by By.id: offerId (tried for 20 second(s) with 500 MILLISECONDS interval)">
      <![CDATA[org.openqa.selenium.TimeoutException: Expected condition failed: waiting for visibility of element located by By.id: offerId (tried for 20 second(s) with 500 MILLISECONDS interval)
at org.openqa.selenium.support.ui.WebDriverWait.timeoutException(WebDriverWait.java:82)
at org.openqa.selenium.support.ui.FluentWait.until(FluentWait.java:231)
at com.milvik.mip.pageutil.MIP_BasePage.waitForElementToVisible(MIP_BasePage.java:49)
at com.milvik.mip.pageobjects.MIP_RegisterCustomerPage.selectOfferInfo(MIP_RegisterCustomerPage.java:89)
at login_multiuser.MultiUser_Test.login_test1(MultiUser_Test.java:58)
at java.util.concurrent.FutureTask.run(Unknown Source)
at java.util.concurrent.ThreadPoolExecutor.runWorker(Unknown Source)
at java.util.concurrent.ThreadPoolExecutor$Worker.run(Unknown Source)
at java.lang.Thread.run(Unknown Source)
Caused by: org.openqa.selenium.NoSuchElementException: Cannot locate an element using By.id: offerId
For documentation on this error, please visit: http://seleniumhq.org/exceptions/no_such_element.html
Build info: version: '3.8.1', revision: '6e95a6684b', time: '2017-12-01T18:33:54.468Z'
System info: host: 'TH1716', ip: '172.16.10.82', os.name: 'Windows 8.1', os.arch: 'amd64', os.version: '6.3', java.version: '1.8.0_11'
Driver info: driver.version: unknown
at org.openqa.selenium.support.ui.ExpectedConditions.lambda$findElement$0(ExpectedConditions.java:882)
at org.openqa.selenium.support.ui.ExpectedConditions$$Lambda$209/1732131891.get(Unknown Source)
at java.util.Optional.orElseThrow(Unknown Source)
at org.openqa.selenium.support.ui.ExpectedConditions.findElement(ExpectedConditions.java:881)
at org.openqa.selenium.support.ui.ExpectedConditions.access$000(ExpectedConditions.java:43)
at org.openqa.selenium.support.ui.ExpectedConditions$7.apply(ExpectedConditions.java:205)
at org.openqa.selenium.support.ui.ExpectedConditions$7.apply(ExpectedConditions.java:201)
at org.openqa.selenium.support.ui.FluentWait.until(FluentWait.java:208)
... 23 more
... Removed 16 stack frames]]>
    </failure>
  </testcase> <!-- login_test1 -->
  <testcase name="login_test2" time="0.0" classname="login_multiuser.MultiUser_Test">
    <ignored/>
  </testcase> <!-- login_test2 -->
  <testcase name="login_test3" time="0.0" classname="login_multiuser.MultiUser_Test">
    <ignored/>
  </testcase> <!-- login_test3 -->
  <testcase name="login_test6" time="0.0" classname="login_multiuser.MultiUser_Test">
    <ignored/>
  </testcase> <!-- login_test6 -->
  <testcase name="login_test4" time="0.0" classname="login_multiuser.MultiUser_Test">
    <ignored/>
  </testcase> <!-- login_test4 -->
  <testcase name="login_test5" time="0.0" classname="login_multiuser.MultiUser_Test">
    <ignored/>
  </testcase> <!-- login_test5 -->
</testsuite> <!-- Test5 -->
