<?xml version="1.0" encoding="UTF-8"?>
<!-- Generated by org.testng.reporters.JUnitXMLReporter -->
<testsuite hostname="TH1716" ignored="5" name="Test8" tests="1" failures="1" timestamp="17 Aug 2018 12:20:27 GMT" time="203.183" errors="0">
  <testcase name="login_test1" time="203.161" classname="login_multiuser.MultiUser_Test">
    <failure type="org.openqa.selenium.NoSuchSessionException" message="Session ID is null. Using WebDriver after calling quit()?
Build info: version: &amp;apos;3.8.1&amp;apos;, revision: &amp;apos;6e95a6684b&amp;apos;, time: &amp;apos;2017-12-01T18:33:54.468Z&amp;apos;
System info: host: &amp;apos;TH1716&amp;apos;, ip: &amp;apos;172.16.10.82&amp;apos;, os.name: &amp;apos;Windows 8.1&amp;apos;, os.arch: &amp;apos;amd64&amp;apos;, os.version: &amp;apos;6.3&amp;apos;, java.version: &amp;apos;1.8.0_11&amp;apos;
Driver info: driver.version: RemoteWebDriver">
      <![CDATA[org.openqa.selenium.NoSuchSessionException: Session ID is null. Using WebDriver after calling quit()?
Build info: version: '3.8.1', revision: '6e95a6684b', time: '2017-12-01T18:33:54.468Z'
System info: host: 'TH1716', ip: '172.16.10.82', os.name: 'Windows 8.1', os.arch: 'amd64', os.version: '6.3', java.version: '1.8.0_11'
Driver info: driver.version: RemoteWebDriver
at org.openqa.selenium.remote.HttpCommandExecutor.execute(HttpCommandExecutor.java:131)
at org.openqa.selenium.remote.service.DriverCommandExecutor.execute(DriverCommandExecutor.java:83)
at org.openqa.selenium.remote.RemoteWebDriver.execute(RemoteWebDriver.java:601)
at org.openqa.selenium.remote.RemoteWebDriver.findElements(RemoteWebDriver.java:398)
at org.openqa.selenium.remote.RemoteWebDriver.findElementsByLinkText(RemoteWebDriver.java:429)
at org.openqa.selenium.By$ByLinkText.findElements(By.java:241)
at org.openqa.selenium.remote.RemoteWebDriver.findElements(RemoteWebDriver.java:359)
at org.openqa.selenium.support.ui.ExpectedConditions.findElement(ExpectedConditions.java:881)
at org.openqa.selenium.support.ui.ExpectedConditions.access$000(ExpectedConditions.java:43)
at org.openqa.selenium.support.ui.ExpectedConditions$7.apply(ExpectedConditions.java:205)
at org.openqa.selenium.support.ui.ExpectedConditions$7.apply(ExpectedConditions.java:201)
at org.openqa.selenium.support.ui.ExpectedConditions$22.apply(ExpectedConditions.java:643)
at org.openqa.selenium.support.ui.ExpectedConditions$22.apply(ExpectedConditions.java:640)
at org.openqa.selenium.support.ui.FluentWait.until(FluentWait.java:208)
at com.milvik.mip.pageutil.MIP_BasePage.waitForElementTobeClickable(MIP_BasePage.java:61)
at login_multiuser.MultiUser_Test.login_test1(MultiUser_Test.java:55)
at java.util.concurrent.FutureTask.run(Unknown Source)
at java.util.concurrent.ThreadPoolExecutor.runWorker(Unknown Source)
at java.util.concurrent.ThreadPoolExecutor$Worker.run(Unknown Source)
at java.lang.Thread.run(Unknown Source)
... Removed 16 stack frames]]>
    </failure>
  </testcase> <!-- login_test1 -->
  <testcase name="login_test2" time="0.0" classname="login_multiuser.MultiUser_Test">
    <ignored/>
  </testcase> <!-- login_test2 -->
  <testcase name="login_test3" time="0.0" classname="login_multiuser.MultiUser_Test">
    <ignored/>
  </testcase> <!-- login_test3 -->
  <testcase name="login_test6" time="0.0" classname="login_multiuser.MultiUser_Test">
    <ignored/>
  </testcase> <!-- login_test6 -->
  <testcase name="login_test4" time="0.0" classname="login_multiuser.MultiUser_Test">
    <ignored/>
  </testcase> <!-- login_test4 -->
  <testcase name="login_test5" time="0.0" classname="login_multiuser.MultiUser_Test">
    <ignored/>
  </testcase> <!-- login_test5 -->
</testsuite> <!-- Test8 -->
