<!DOCTYPE html>

<html>
  <head>
  <meta charset='utf-8'>
  <title>TestNG reports</title>

    <link type="text/css" href="testng-reports.css" rel="stylesheet" />
    <script type="text/javascript" src="jquery-1.7.1.min.js"></script>
    <script type="text/javascript" src="testng-reports.js"></script>
    <script type="text/javascript" src="https://www.google.com/jsapi"></script>
    <script type='text/javascript'>
      google.load('visualization', '1', {packages:['table']});
      google.setOnLoadCallback(drawTable);
      var suiteTableInitFunctions = new Array();
      var suiteTableData = new Array();
    </script>
    <!--
      <script type="text/javascript" src="jquery-ui/js/jquery-ui-1.8.16.custom.min.js"></script>
     -->
  </head>

  <body>
    <div class="top-banner-root">
      <span class="top-banner-title-font">Test results</span>
      <br/>
      <span class="top-banner-font-1">1 suite, 15 failed tests</span>
    </div> <!-- top-banner-root -->
    <div class="navigator-root">
      <div class="navigator-suite-header">
        <span>All suites</span>
        <a href="#" class="collapse-all-link" title="Collapse/expand all the suites">
          <img class="collapse-all-icon" src="collapseall.gif">
          </img> <!-- collapse-all-icon -->
        </a> <!-- collapse-all-link -->
      </div> <!-- navigator-suite-header -->
      <div class="suite">
        <div class="rounded-window">
          <div class="suite-header light-rounded-window-top">
            <a href="#" class="navigator-link" panel-name="suite-Suite">
              <span class="suite-name border-failed">Suite</span>
            </a> <!-- navigator-link -->
          </div> <!-- suite-header light-rounded-window-top -->
          <div class="navigator-suite-content">
            <div class="suite-section-title">
              <span>Info</span>
            </div> <!-- suite-section-title -->
            <div class="suite-section-content">
              <ul>
                <li>
                  <a href="#" class="navigator-link " panel-name="test-xml-Suite">
                    <span>D:\srilatha\MIP\NI\Automation_Wrokspace\mip_Nicaragua\testng.xml</span>
                  </a> <!-- navigator-link  -->
                </li>
                <li>
                  <a href="#" class="navigator-link " panel-name="testlist-Suite">
                    <span class="test-stats">15 tests</span>
                  </a> <!-- navigator-link  -->
                </li>
                <li>
                  <a href="#" class="navigator-link " panel-name="group-Suite">
                    <span>0 groups</span>
                  </a> <!-- navigator-link  -->
                </li>
                <li>
                  <a href="#" class="navigator-link " panel-name="times-Suite">
                    <span>Times</span>
                  </a> <!-- navigator-link  -->
                </li>
                <li>
                  <a href="#" class="navigator-link " panel-name="reporter-Suite">
                    <span>Reporter output</span>
                  </a> <!-- navigator-link  -->
                </li>
                <li>
                  <a href="#" class="navigator-link " panel-name="ignored-methods-Suite">
                    <span>Ignored methods</span>
                  </a> <!-- navigator-link  -->
                </li>
                <li>
                  <a href="#" class="navigator-link " panel-name="chronological-Suite">
                    <span>Chronological view</span>
                  </a> <!-- navigator-link  -->
                </li>
              </ul>
            </div> <!-- suite-section-content -->
            <div class="result-section">
              <div class="suite-section-title">
                <span>Results</span>
              </div> <!-- suite-section-title -->
              <div class="suite-section-content">
                <ul>
                  <li>
                    <span class="method-stats">15 methods, 15 failed,   </span>
                  </li>
                  <li>
                    <span class="method-list-title failed">Failed methods</span>
                    <span class="show-or-hide-methods failed">
                      <a href="#" panel-name="suite-Suite" class="hide-methods failed suite-Suite"> (hide)</a> <!-- hide-methods failed suite-Suite -->
                      <a href="#" panel-name="suite-Suite" class="show-methods failed suite-Suite"> (show)</a> <!-- show-methods failed suite-Suite -->
                    </span>
                    <div class="method-list-content failed suite-Suite">
                      <span>
                        <img width="3%" src="failed.png"/>
                        <a href="#" class="method navigator-link" panel-name="suite-Suite" title="login_multiuser.MultiUser_Test" hash-for-method="login_test1(TA48, Tigo123!)">login_test1(TA48, Tigo123!)</a> <!-- method navigator-link -->
                      </span>
                      <br/>
                      <span>
                        <img width="3%" src="failed.png"/>
                        <a href="#" class="method navigator-link" panel-name="suite-Suite" title="login_multiuser.MultiUser_Test" hash-for-method="login_test1(TA52, Tigo123!)">login_test1(TA52, Tigo123!)</a> <!-- method navigator-link -->
                      </span>
                      <br/>
                      <span>
                        <img width="3%" src="failed.png"/>
                        <a href="#" class="method navigator-link" panel-name="suite-Suite" title="login_multiuser.MultiUser_Test" hash-for-method="login_test1(TA45, Tigo123!)">login_test1(TA45, Tigo123!)</a> <!-- method navigator-link -->
                      </span>
                      <br/>
                      <span>
                        <img width="3%" src="failed.png"/>
                        <a href="#" class="method navigator-link" panel-name="suite-Suite" title="login_multiuser.MultiUser_Test" hash-for-method="login_test1(TA44, Tigo123!)">login_test1(TA44, Tigo123!)</a> <!-- method navigator-link -->
                      </span>
                      <br/>
                      <span>
                        <img width="3%" src="failed.png"/>
                        <a href="#" class="method navigator-link" panel-name="suite-Suite" title="login_multiuser.MultiUser_Test" hash-for-method="login_test1(TA53, Tigo123!)">login_test1(TA53, Tigo123!)</a> <!-- method navigator-link -->
                      </span>
                      <br/>
                      <span>
                        <img width="3%" src="failed.png"/>
                        <a href="#" class="method navigator-link" panel-name="suite-Suite" title="login_multiuser.MultiUser_Test" hash-for-method="login_test1(TA50, Tigo123!)">login_test1(TA50, Tigo123!)</a> <!-- method navigator-link -->
                      </span>
                      <br/>
                      <span>
                        <img width="3%" src="failed.png"/>
                        <a href="#" class="method navigator-link" panel-name="suite-Suite" title="login_multiuser.MultiUser_Test" hash-for-method="login_test1(DASHBOARD, Tigo123!)">login_test1(DASHBOARD, Tigo123!)</a> <!-- method navigator-link -->
                      </span>
                      <br/>
                      <span>
                        <img width="3%" src="failed.png"/>
                        <a href="#" class="method navigator-link" panel-name="suite-Suite" title="login_multiuser.MultiUser_Test" hash-for-method="login_test1(TA47, Tigo123!)">login_test1(TA47, Tigo123!)</a> <!-- method navigator-link -->
                      </span>
                      <br/>
                      <span>
                        <img width="3%" src="failed.png"/>
                        <a href="#" class="method navigator-link" panel-name="suite-Suite" title="login_multiuser.MultiUser_Test" hash-for-method="login_test1(TA46, Tigo123!)">login_test1(TA46, Tigo123!)</a> <!-- method navigator-link -->
                      </span>
                      <br/>
                      <span>
                        <img width="3%" src="failed.png"/>
                        <a href="#" class="method navigator-link" panel-name="suite-Suite" title="login_multiuser.MultiUser_Test" hash-for-method="login_test1(TA51, Tigo123!)">login_test1(TA51, Tigo123!)</a> <!-- method navigator-link -->
                      </span>
                      <br/>
                      <span>
                        <img width="3%" src="failed.png"/>
                        <a href="#" class="method navigator-link" panel-name="suite-Suite" title="login_multiuser.MultiUser_Test" hash-for-method="login_test1(TA43, Tigo123@)">login_test1(TA43, Tigo123@)</a> <!-- method navigator-link -->
                      </span>
                      <br/>
                      <span>
                        <img width="3%" src="failed.png"/>
                        <a href="#" class="method navigator-link" panel-name="suite-Suite" title="login_multiuser.MultiUser_Test" hash-for-method="login_test1(TA49, Tigo123!)">login_test1(TA49, Tigo123!)</a> <!-- method navigator-link -->
                      </span>
                      <br/>
                      <span>
                        <img width="3%" src="failed.png"/>
                        <a href="#" class="method navigator-link" panel-name="suite-Suite" title="login_multiuser.MultiUser_Test" hash-for-method="login_test2(TA15, Tigo123!)">login_test2(TA15, Tigo123!)</a> <!-- method navigator-link -->
                      </span>
                      <br/>
                      <span>
                        <img width="3%" src="failed.png"/>
                        <a href="#" class="method navigator-link" panel-name="suite-Suite" title="login_multiuser.MultiUser_Test" hash-for-method="login_test3(TA41, Tigo123!)">login_test3(TA41, Tigo123!)</a> <!-- method navigator-link -->
                      </span>
                      <br/>
                      <span>
                        <img width="3%" src="failed.png"/>
                        <a href="#" class="method navigator-link" panel-name="suite-Suite" title="login_multiuser.MultiUser_Test" hash-for-method="login_test4(TA42, Tigo123!)">login_test4(TA42, Tigo123!)</a> <!-- method navigator-link -->
                      </span>
                      <br/>
                    </div> <!-- method-list-content failed suite-Suite -->
                  </li>
                </ul>
              </div> <!-- suite-section-content -->
            </div> <!-- result-section -->
          </div> <!-- navigator-suite-content -->
        </div> <!-- rounded-window -->
      </div> <!-- suite -->
    </div> <!-- navigator-root -->
    <div class="wrapper">
      <div class="main-panel-root">
        <div panel-name="suite-Suite" class="panel Suite">
          <div class="suite-Suite-class-failed">
            <div class="main-panel-header rounded-window-top">
              <img src="failed.png"/>
              <span class="class-name">login_multiuser.MultiUser_Test</span>
            </div> <!-- main-panel-header rounded-window-top -->
            <div class="main-panel-content rounded-window-bottom">
              <div class="method">
                <div class="method-content">
                  <a name="login_test1(TA48, Tigo123!)">
                  </a> <!-- login_test1(TA48, Tigo123!) -->
                  <span class="method-name">login_test1</span>
                  <span class="parameters">(TA48, Tigo123!)</span>
                  <div class="stack-trace">org.openqa.selenium.TimeoutException: Expected condition failed: waiting for element to be clickable: By.linkText: Customer Management (tried for 20 second(s) with 500 MILLISECONDS interval)
	at org.openqa.selenium.support.ui.WebDriverWait.timeoutException(WebDriverWait.java:82)
	at org.openqa.selenium.support.ui.FluentWait.until(FluentWait.java:231)
	at com.milvik.mip.pageutil.MIP_BasePage.waitForElementTobeClickable(MIP_BasePage.java:61)
	at login_multiuser.MultiUser_Test.login_test1(MultiUser_Test.java:54)
	at java.util.concurrent.FutureTask.run(Unknown Source)
	at java.util.concurrent.ThreadPoolExecutor.runWorker(Unknown Source)
	at java.util.concurrent.ThreadPoolExecutor$Worker.run(Unknown Source)
	at java.lang.Thread.run(Unknown Source)
Caused by: org.openqa.selenium.NoSuchElementException: Cannot locate an element using By.linkText: Customer Management
For documentation on this error, please visit: http://seleniumhq.org/exceptions/no_such_element.html
Build info: version: &apos;3.8.1&apos;, revision: &apos;6e95a6684b&apos;, time: &apos;2017-12-01T18:33:54.468Z&apos;
System info: host: &apos;TH1716&apos;, ip: &apos;172.16.10.82&apos;, os.name: &apos;Windows 8.1&apos;, os.arch: &apos;amd64&apos;, os.version: &apos;6.3&apos;, java.version: &apos;1.8.0_11&apos;
Driver info: driver.version: unknown
	at org.openqa.selenium.support.ui.ExpectedConditions.lambda$findElement$0(ExpectedConditions.java:882)
	at org.openqa.selenium.support.ui.ExpectedConditions$$Lambda$209/1732131891.get(Unknown Source)
	at java.util.Optional.orElseThrow(Unknown Source)
	at org.openqa.selenium.support.ui.ExpectedConditions.findElement(ExpectedConditions.java:881)
	at org.openqa.selenium.support.ui.ExpectedConditions.access$000(ExpectedConditions.java:43)
	at org.openqa.selenium.support.ui.ExpectedConditions$7.apply(ExpectedConditions.java:205)
	at org.openqa.selenium.support.ui.ExpectedConditions$7.apply(ExpectedConditions.java:201)
	at org.openqa.selenium.support.ui.ExpectedConditions$22.apply(ExpectedConditions.java:643)
	at org.openqa.selenium.support.ui.ExpectedConditions$22.apply(ExpectedConditions.java:640)
	at org.openqa.selenium.support.ui.FluentWait.until(FluentWait.java:208)
	... 22 more
... Removed 16 stack frames
</div> <!-- stack-trace -->
                </div> <!-- method-content -->
              </div> <!-- method -->
              <div class="method">
                <div class="method-content">
                  <a name="login_test1(TA52, Tigo123!)">
                  </a> <!-- login_test1(TA52, Tigo123!) -->
                  <span class="method-name">login_test1</span>
                  <span class="parameters">(TA52, Tigo123!)</span>
                  <div class="stack-trace">org.openqa.selenium.TimeoutException: Expected condition failed: waiting for element to be clickable: By.linkText: Customer Management (tried for 20 second(s) with 500 MILLISECONDS interval)
	at org.openqa.selenium.support.ui.WebDriverWait.timeoutException(WebDriverWait.java:82)
	at org.openqa.selenium.support.ui.FluentWait.until(FluentWait.java:231)
	at com.milvik.mip.pageutil.MIP_BasePage.waitForElementTobeClickable(MIP_BasePage.java:61)
	at login_multiuser.MultiUser_Test.login_test1(MultiUser_Test.java:54)
	at java.util.concurrent.FutureTask.run(Unknown Source)
	at java.util.concurrent.ThreadPoolExecutor.runWorker(Unknown Source)
	at java.util.concurrent.ThreadPoolExecutor$Worker.run(Unknown Source)
	at java.lang.Thread.run(Unknown Source)
Caused by: org.openqa.selenium.NoSuchElementException: Cannot locate an element using By.linkText: Customer Management
For documentation on this error, please visit: http://seleniumhq.org/exceptions/no_such_element.html
Build info: version: &apos;3.8.1&apos;, revision: &apos;6e95a6684b&apos;, time: &apos;2017-12-01T18:33:54.468Z&apos;
System info: host: &apos;TH1716&apos;, ip: &apos;172.16.10.82&apos;, os.name: &apos;Windows 8.1&apos;, os.arch: &apos;amd64&apos;, os.version: &apos;6.3&apos;, java.version: &apos;1.8.0_11&apos;
Driver info: driver.version: unknown
	at org.openqa.selenium.support.ui.ExpectedConditions.lambda$findElement$0(ExpectedConditions.java:882)
	at org.openqa.selenium.support.ui.ExpectedConditions$$Lambda$209/1732131891.get(Unknown Source)
	at java.util.Optional.orElseThrow(Unknown Source)
	at org.openqa.selenium.support.ui.ExpectedConditions.findElement(ExpectedConditions.java:881)
	at org.openqa.selenium.support.ui.ExpectedConditions.access$000(ExpectedConditions.java:43)
	at org.openqa.selenium.support.ui.ExpectedConditions$7.apply(ExpectedConditions.java:205)
	at org.openqa.selenium.support.ui.ExpectedConditions$7.apply(ExpectedConditions.java:201)
	at org.openqa.selenium.support.ui.ExpectedConditions$22.apply(ExpectedConditions.java:643)
	at org.openqa.selenium.support.ui.ExpectedConditions$22.apply(ExpectedConditions.java:640)
	at org.openqa.selenium.support.ui.FluentWait.until(FluentWait.java:208)
	... 22 more
... Removed 16 stack frames
</div> <!-- stack-trace -->
                </div> <!-- method-content -->
              </div> <!-- method -->
              <div class="method">
                <div class="method-content">
                  <a name="login_test1(TA45, Tigo123!)">
                  </a> <!-- login_test1(TA45, Tigo123!) -->
                  <span class="method-name">login_test1</span>
                  <span class="parameters">(TA45, Tigo123!)</span>
                  <div class="stack-trace">org.openqa.selenium.TimeoutException: Expected condition failed: waiting for element to be clickable: By.linkText: Register Customer (tried for 20 second(s) with 500 MILLISECONDS interval)
	at org.openqa.selenium.support.ui.WebDriverWait.timeoutException(WebDriverWait.java:82)
	at org.openqa.selenium.support.ui.FluentWait.until(FluentWait.java:231)
	at com.milvik.mip.pageutil.MIP_BasePage.waitForElementTobeClickable(MIP_BasePage.java:61)
	at login_multiuser.MultiUser_Test.login_test1(MultiUser_Test.java:55)
	at java.util.concurrent.FutureTask.run(Unknown Source)
	at java.util.concurrent.ThreadPoolExecutor.runWorker(Unknown Source)
	at java.util.concurrent.ThreadPoolExecutor$Worker.run(Unknown Source)
	at java.lang.Thread.run(Unknown Source)
Caused by: org.openqa.selenium.NoSuchElementException: Cannot locate an element using By.linkText: Register Customer
For documentation on this error, please visit: http://seleniumhq.org/exceptions/no_such_element.html
Build info: version: &apos;3.8.1&apos;, revision: &apos;6e95a6684b&apos;, time: &apos;2017-12-01T18:33:54.468Z&apos;
System info: host: &apos;TH1716&apos;, ip: &apos;172.16.10.82&apos;, os.name: &apos;Windows 8.1&apos;, os.arch: &apos;amd64&apos;, os.version: &apos;6.3&apos;, java.version: &apos;1.8.0_11&apos;
Driver info: driver.version: unknown
	at org.openqa.selenium.support.ui.ExpectedConditions.lambda$findElement$0(ExpectedConditions.java:882)
	at org.openqa.selenium.support.ui.ExpectedConditions$$Lambda$209/1732131891.get(Unknown Source)
	at java.util.Optional.orElseThrow(Unknown Source)
	at org.openqa.selenium.support.ui.ExpectedConditions.findElement(ExpectedConditions.java:881)
	at org.openqa.selenium.support.ui.ExpectedConditions.access$000(ExpectedConditions.java:43)
	at org.openqa.selenium.support.ui.ExpectedConditions$7.apply(ExpectedConditions.java:205)
	at org.openqa.selenium.support.ui.ExpectedConditions$7.apply(ExpectedConditions.java:201)
	at org.openqa.selenium.support.ui.ExpectedConditions$22.apply(ExpectedConditions.java:643)
	at org.openqa.selenium.support.ui.ExpectedConditions$22.apply(ExpectedConditions.java:640)
	at org.openqa.selenium.support.ui.FluentWait.until(FluentWait.java:208)
	... 22 more
... Removed 16 stack frames
</div> <!-- stack-trace -->
                </div> <!-- method-content -->
              </div> <!-- method -->
              <div class="method">
                <div class="method-content">
                  <a name="login_test1(TA44, Tigo123!)">
                  </a> <!-- login_test1(TA44, Tigo123!) -->
                  <span class="method-name">login_test1</span>
                  <span class="parameters">(TA44, Tigo123!)</span>
                  <div class="stack-trace">org.openqa.selenium.SessionNotCreatedException: Tried to run command without establishing a connection
Build info: version: &apos;3.8.1&apos;, revision: &apos;6e95a6684b&apos;, time: &apos;2017-12-01T18:33:54.468Z&apos;
System info: host: &apos;TH1716&apos;, ip: &apos;172.16.10.82&apos;, os.name: &apos;Windows 8.1&apos;, os.arch: &apos;amd64&apos;, os.version: &apos;6.3&apos;, java.version: &apos;1.8.0_11&apos;
Driver info: org.openqa.selenium.firefox.FirefoxDriver
Capabilities {acceptInsecureCerts: true, browserName: firefox, browserVersion: 61.0.1, javascriptEnabled: true, moz:accessibilityChecks: false, moz:headless: false, moz:processID: 23568, moz:profile: C:\Users\srilatha_yajnanara..., moz:useNonSpecCompliantPointerOrigin: false, moz:webdriverClick: true, pageLoadStrategy: normal, platform: XP, platformName: XP, platformVersion: 6.3, rotatable: false, timeouts: {implicit: 0, pageLoad: 300000, script: 30000}}
Session ID: 1167b4bb-acb2-4899-a115-1a6fe30caa9b
	at org.openqa.selenium.remote.http.W3CHttpResponseCodec.createException(W3CHttpResponseCodec.java:187)
	at org.openqa.selenium.remote.http.W3CHttpResponseCodec.decode(W3CHttpResponseCodec.java:122)
	at org.openqa.selenium.remote.http.W3CHttpResponseCodec.decode(W3CHttpResponseCodec.java:49)
	at org.openqa.selenium.remote.HttpCommandExecutor.execute(HttpCommandExecutor.java:164)
	at org.openqa.selenium.remote.service.DriverCommandExecutor.execute(DriverCommandExecutor.java:83)
	at org.openqa.selenium.remote.RemoteWebDriver.execute(RemoteWebDriver.java:601)
	at org.openqa.selenium.remote.RemoteWebElement.execute(RemoteWebElement.java:279)
	at org.openqa.selenium.remote.RemoteWebElement.isDisplayed(RemoteWebElement.java:320)
	at org.openqa.selenium.support.ui.ExpectedConditions.elementIfVisible(ExpectedConditions.java:301)
	at org.openqa.selenium.support.ui.ExpectedConditions.access$100(ExpectedConditions.java:43)
	at org.openqa.selenium.support.ui.ExpectedConditions$7.apply(ExpectedConditions.java:205)
	at org.openqa.selenium.support.ui.ExpectedConditions$7.apply(ExpectedConditions.java:201)
	at org.openqa.selenium.support.ui.ExpectedConditions$22.apply(ExpectedConditions.java:643)
	at org.openqa.selenium.support.ui.ExpectedConditions$22.apply(ExpectedConditions.java:640)
	at org.openqa.selenium.support.ui.FluentWait.until(FluentWait.java:208)
	at com.milvik.mip.pageutil.MIP_BasePage.waitForElementTobeClickable(MIP_BasePage.java:61)
	at login_multiuser.MultiUser_Test.login_test1(MultiUser_Test.java:55)
	at java.util.concurrent.FutureTask.run(Unknown Source)
	at java.util.concurrent.ThreadPoolExecutor.runWorker(Unknown Source)
	at java.util.concurrent.ThreadPoolExecutor$Worker.run(Unknown Source)
	at java.lang.Thread.run(Unknown Source)
... Removed 20 stack frames
</div> <!-- stack-trace -->
                </div> <!-- method-content -->
              </div> <!-- method -->
              <div class="method">
                <div class="method-content">
                  <a name="login_test1(TA53, Tigo123!)">
                  </a> <!-- login_test1(TA53, Tigo123!) -->
                  <span class="method-name">login_test1</span>
                  <span class="parameters">(TA53, Tigo123!)</span>
                  <div class="stack-trace">org.openqa.selenium.WebDriverException: java.net.SocketException: Connection reset
Build info: version: &apos;3.8.1&apos;, revision: &apos;6e95a6684b&apos;, time: &apos;2017-12-01T18:33:54.468Z&apos;
System info: host: &apos;TH1716&apos;, ip: &apos;172.16.10.82&apos;, os.name: &apos;Windows 8.1&apos;, os.arch: &apos;amd64&apos;, os.version: &apos;6.3&apos;, java.version: &apos;1.8.0_11&apos;
Driver info: driver.version: RemoteWebDriver
	at org.openqa.selenium.remote.service.DriverCommandExecutor.execute(DriverCommandExecutor.java:92)
	at org.openqa.selenium.remote.RemoteWebDriver.execute(RemoteWebDriver.java:601)
	at org.openqa.selenium.remote.RemoteWebElement.execute(RemoteWebElement.java:279)
	at org.openqa.selenium.remote.RemoteWebElement.isDisplayed(RemoteWebElement.java:320)
	at org.openqa.selenium.support.ui.ExpectedConditions.elementIfVisible(ExpectedConditions.java:301)
	at org.openqa.selenium.support.ui.ExpectedConditions.access$100(ExpectedConditions.java:43)
	at org.openqa.selenium.support.ui.ExpectedConditions$7.apply(ExpectedConditions.java:205)
	at org.openqa.selenium.support.ui.ExpectedConditions$7.apply(ExpectedConditions.java:201)
	at org.openqa.selenium.support.ui.ExpectedConditions$22.apply(ExpectedConditions.java:643)
	at org.openqa.selenium.support.ui.ExpectedConditions$22.apply(ExpectedConditions.java:640)
	at org.openqa.selenium.support.ui.FluentWait.until(FluentWait.java:208)
	at com.milvik.mip.pageutil.MIP_BasePage.waitForElementTobeClickable(MIP_BasePage.java:61)
	at login_multiuser.MultiUser_Test.login_test1(MultiUser_Test.java:55)
	at java.util.concurrent.FutureTask.run(Unknown Source)
	at java.util.concurrent.ThreadPoolExecutor.runWorker(Unknown Source)
	at java.util.concurrent.ThreadPoolExecutor$Worker.run(Unknown Source)
	at java.lang.Thread.run(Unknown Source)
Caused by: java.net.SocketException: Connection reset
	at java.net.SocketInputStream.read(Unknown Source)
	at java.net.SocketInputStream.read(Unknown Source)
	at org.apache.http.impl.io.SessionInputBufferImpl.streamRead(SessionInputBufferImpl.java:137)
	at org.apache.http.impl.io.SessionInputBufferImpl.fillBuffer(SessionInputBufferImpl.java:153)
	at org.apache.http.impl.io.SessionInputBufferImpl.readLine(SessionInputBufferImpl.java:282)
	at org.apache.http.impl.conn.DefaultHttpResponseParser.parseHead(DefaultHttpResponseParser.java:138)
	at org.apache.http.impl.conn.DefaultHttpResponseParser.parseHead(DefaultHttpResponseParser.java:56)
	at org.apache.http.impl.io.AbstractMessageParser.parse(AbstractMessageParser.java:259)
	at org.apache.http.impl.DefaultBHttpClientConnection.receiveResponseHeader(DefaultBHttpClientConnection.java:163)
	at org.apache.http.impl.conn.CPoolProxy.receiveResponseHeader(CPoolProxy.java:165)
	at org.apache.http.protocol.HttpRequestExecutor.doReceiveResponse(HttpRequestExecutor.java:273)
	at org.apache.http.protocol.HttpRequestExecutor.execute(HttpRequestExecutor.java:125)
	at org.apache.http.impl.execchain.MainClientExec.execute(MainClientExec.java:272)
	at org.apache.http.impl.execchain.ProtocolExec.execute(ProtocolExec.java:185)
	at org.apache.http.impl.execchain.RetryExec.execute(RetryExec.java:89)
	at org.apache.http.impl.execchain.RedirectExec.execute(RedirectExec.java:111)
	at org.apache.http.impl.client.InternalHttpClient.doExecute(InternalHttpClient.java:185)
	at org.apache.http.impl.client.CloseableHttpClient.execute(CloseableHttpClient.java:72)
	at org.apache.http.impl.client.CloseableHttpClient.execute(CloseableHttpClient.java:56)
	at org.openqa.selenium.remote.internal.ApacheHttpClient.fallBackExecute(ApacheHttpClient.java:138)
	at org.openqa.selenium.remote.internal.ApacheHttpClient.execute(ApacheHttpClient.java:86)
	at org.openqa.selenium.remote.HttpCommandExecutor.execute(HttpCommandExecutor.java:161)
	at org.openqa.selenium.remote.service.DriverCommandExecutor.execute(DriverCommandExecutor.java:83)
	... 32 more
... Removed 16 stack frames
</div> <!-- stack-trace -->
                </div> <!-- method-content -->
              </div> <!-- method -->
              <div class="method">
                <div class="method-content">
                  <a name="login_test1(TA50, Tigo123!)">
                  </a> <!-- login_test1(TA50, Tigo123!) -->
                  <span class="method-name">login_test1</span>
                  <span class="parameters">(TA50, Tigo123!)</span>
                  <div class="stack-trace">org.openqa.selenium.WebDriverException: java.net.SocketException: Connection reset
Build info: version: &apos;3.8.1&apos;, revision: &apos;6e95a6684b&apos;, time: &apos;2017-12-01T18:33:54.468Z&apos;
System info: host: &apos;TH1716&apos;, ip: &apos;172.16.10.82&apos;, os.name: &apos;Windows 8.1&apos;, os.arch: &apos;amd64&apos;, os.version: &apos;6.3&apos;, java.version: &apos;1.8.0_11&apos;
Driver info: driver.version: RemoteWebDriver
	at org.openqa.selenium.remote.service.DriverCommandExecutor.execute(DriverCommandExecutor.java:92)
	at org.openqa.selenium.remote.RemoteWebDriver.execute(RemoteWebDriver.java:601)
	at org.openqa.selenium.remote.RemoteWebDriver.findElements(RemoteWebDriver.java:398)
	at org.openqa.selenium.remote.RemoteWebDriver.findElementsByLinkText(RemoteWebDriver.java:429)
	at org.openqa.selenium.By$ByLinkText.findElements(By.java:241)
	at org.openqa.selenium.remote.RemoteWebDriver.findElements(RemoteWebDriver.java:359)
	at org.openqa.selenium.support.ui.ExpectedConditions.findElement(ExpectedConditions.java:881)
	at org.openqa.selenium.support.ui.ExpectedConditions.access$000(ExpectedConditions.java:43)
	at org.openqa.selenium.support.ui.ExpectedConditions$7.apply(ExpectedConditions.java:205)
	at org.openqa.selenium.support.ui.ExpectedConditions$7.apply(ExpectedConditions.java:201)
	at org.openqa.selenium.support.ui.ExpectedConditions$22.apply(ExpectedConditions.java:643)
	at org.openqa.selenium.support.ui.ExpectedConditions$22.apply(ExpectedConditions.java:640)
	at org.openqa.selenium.support.ui.FluentWait.until(FluentWait.java:208)
	at com.milvik.mip.pageutil.MIP_BasePage.waitForElementTobeClickable(MIP_BasePage.java:61)
	at login_multiuser.MultiUser_Test.login_test1(MultiUser_Test.java:55)
	at java.util.concurrent.FutureTask.run(Unknown Source)
	at java.util.concurrent.ThreadPoolExecutor.runWorker(Unknown Source)
	at java.util.concurrent.ThreadPoolExecutor$Worker.run(Unknown Source)
	at java.lang.Thread.run(Unknown Source)
Caused by: java.net.SocketException: Connection reset
	at java.net.SocketInputStream.read(Unknown Source)
	at java.net.SocketInputStream.read(Unknown Source)
	at org.apache.http.impl.io.SessionInputBufferImpl.streamRead(SessionInputBufferImpl.java:137)
	at org.apache.http.impl.io.SessionInputBufferImpl.fillBuffer(SessionInputBufferImpl.java:153)
	at org.apache.http.impl.io.SessionInputBufferImpl.readLine(SessionInputBufferImpl.java:282)
	at org.apache.http.impl.conn.DefaultHttpResponseParser.parseHead(DefaultHttpResponseParser.java:138)
	at org.apache.http.impl.conn.DefaultHttpResponseParser.parseHead(DefaultHttpResponseParser.java:56)
	at org.apache.http.impl.io.AbstractMessageParser.parse(AbstractMessageParser.java:259)
	at org.apache.http.impl.DefaultBHttpClientConnection.receiveResponseHeader(DefaultBHttpClientConnection.java:163)
	at org.apache.http.impl.conn.CPoolProxy.receiveResponseHeader(CPoolProxy.java:165)
	at org.apache.http.protocol.HttpRequestExecutor.doReceiveResponse(HttpRequestExecutor.java:273)
	at org.apache.http.protocol.HttpRequestExecutor.execute(HttpRequestExecutor.java:125)
	at org.apache.http.impl.execchain.MainClientExec.execute(MainClientExec.java:272)
	at org.apache.http.impl.execchain.ProtocolExec.execute(ProtocolExec.java:185)
	at org.apache.http.impl.execchain.RetryExec.execute(RetryExec.java:89)
	at org.apache.http.impl.execchain.RedirectExec.execute(RedirectExec.java:111)
	at org.apache.http.impl.client.InternalHttpClient.doExecute(InternalHttpClient.java:185)
	at org.apache.http.impl.client.CloseableHttpClient.execute(CloseableHttpClient.java:72)
	at org.apache.http.impl.client.CloseableHttpClient.execute(CloseableHttpClient.java:56)
	at org.openqa.selenium.remote.internal.ApacheHttpClient.fallBackExecute(ApacheHttpClient.java:138)
	at org.openqa.selenium.remote.internal.ApacheHttpClient.execute(ApacheHttpClient.java:86)
	at org.openqa.selenium.remote.HttpCommandExecutor.execute(HttpCommandExecutor.java:161)
	at org.openqa.selenium.remote.service.DriverCommandExecutor.execute(DriverCommandExecutor.java:83)
	... 34 more
... Removed 16 stack frames
</div> <!-- stack-trace -->
                </div> <!-- method-content -->
              </div> <!-- method -->
              <div class="method">
                <div class="method-content">
                  <a name="login_test1(DASHBOARD, Tigo123!)">
                  </a> <!-- login_test1(DASHBOARD, Tigo123!) -->
                  <span class="method-name">login_test1</span>
                  <span class="parameters">(DASHBOARD, Tigo123!)</span>
                  <div class="stack-trace">org.openqa.selenium.WebDriverException: java.net.SocketException: Connection reset
Build info: version: &apos;3.8.1&apos;, revision: &apos;6e95a6684b&apos;, time: &apos;2017-12-01T18:33:54.468Z&apos;
System info: host: &apos;TH1716&apos;, ip: &apos;172.16.10.82&apos;, os.name: &apos;Windows 8.1&apos;, os.arch: &apos;amd64&apos;, os.version: &apos;6.3&apos;, java.version: &apos;1.8.0_11&apos;
Driver info: driver.version: RemoteWebDriver
	at org.openqa.selenium.remote.service.DriverCommandExecutor.execute(DriverCommandExecutor.java:92)
	at org.openqa.selenium.remote.RemoteWebDriver.execute(RemoteWebDriver.java:601)
	at org.openqa.selenium.remote.RemoteWebElement.execute(RemoteWebElement.java:279)
	at org.openqa.selenium.remote.RemoteWebElement.isDisplayed(RemoteWebElement.java:320)
	at org.openqa.selenium.support.ui.ExpectedConditions.elementIfVisible(ExpectedConditions.java:301)
	at org.openqa.selenium.support.ui.ExpectedConditions.access$100(ExpectedConditions.java:43)
	at org.openqa.selenium.support.ui.ExpectedConditions$7.apply(ExpectedConditions.java:205)
	at org.openqa.selenium.support.ui.ExpectedConditions$7.apply(ExpectedConditions.java:201)
	at org.openqa.selenium.support.ui.ExpectedConditions$22.apply(ExpectedConditions.java:643)
	at org.openqa.selenium.support.ui.ExpectedConditions$22.apply(ExpectedConditions.java:640)
	at org.openqa.selenium.support.ui.FluentWait.until(FluentWait.java:208)
	at com.milvik.mip.pageutil.MIP_BasePage.waitForElementTobeClickable(MIP_BasePage.java:61)
	at login_multiuser.MultiUser_Test.login_test1(MultiUser_Test.java:55)
	at java.util.concurrent.FutureTask.run(Unknown Source)
	at java.util.concurrent.ThreadPoolExecutor.runWorker(Unknown Source)
	at java.util.concurrent.ThreadPoolExecutor$Worker.run(Unknown Source)
	at java.lang.Thread.run(Unknown Source)
Caused by: java.net.SocketException: Connection reset
	at java.net.SocketInputStream.read(Unknown Source)
	at java.net.SocketInputStream.read(Unknown Source)
	at org.apache.http.impl.io.SessionInputBufferImpl.streamRead(SessionInputBufferImpl.java:137)
	at org.apache.http.impl.io.SessionInputBufferImpl.fillBuffer(SessionInputBufferImpl.java:153)
	at org.apache.http.impl.io.SessionInputBufferImpl.readLine(SessionInputBufferImpl.java:282)
	at org.apache.http.impl.conn.DefaultHttpResponseParser.parseHead(DefaultHttpResponseParser.java:138)
	at org.apache.http.impl.conn.DefaultHttpResponseParser.parseHead(DefaultHttpResponseParser.java:56)
	at org.apache.http.impl.io.AbstractMessageParser.parse(AbstractMessageParser.java:259)
	at org.apache.http.impl.DefaultBHttpClientConnection.receiveResponseHeader(DefaultBHttpClientConnection.java:163)
	at org.apache.http.impl.conn.CPoolProxy.receiveResponseHeader(CPoolProxy.java:165)
	at org.apache.http.protocol.HttpRequestExecutor.doReceiveResponse(HttpRequestExecutor.java:273)
	at org.apache.http.protocol.HttpRequestExecutor.execute(HttpRequestExecutor.java:125)
	at org.apache.http.impl.execchain.MainClientExec.execute(MainClientExec.java:272)
	at org.apache.http.impl.execchain.ProtocolExec.execute(ProtocolExec.java:185)
	at org.apache.http.impl.execchain.RetryExec.execute(RetryExec.java:89)
	at org.apache.http.impl.execchain.RedirectExec.execute(RedirectExec.java:111)
	at org.apache.http.impl.client.InternalHttpClient.doExecute(InternalHttpClient.java:185)
	at org.apache.http.impl.client.CloseableHttpClient.execute(CloseableHttpClient.java:72)
	at org.apache.http.impl.client.CloseableHttpClient.execute(CloseableHttpClient.java:56)
	at org.openqa.selenium.remote.internal.ApacheHttpClient.fallBackExecute(ApacheHttpClient.java:138)
	at org.openqa.selenium.remote.internal.ApacheHttpClient.execute(ApacheHttpClient.java:86)
	at org.openqa.selenium.remote.HttpCommandExecutor.execute(HttpCommandExecutor.java:161)
	at org.openqa.selenium.remote.service.DriverCommandExecutor.execute(DriverCommandExecutor.java:83)
	... 32 more
... Removed 16 stack frames
</div> <!-- stack-trace -->
                </div> <!-- method-content -->
              </div> <!-- method -->
              <div class="method">
                <div class="method-content">
                  <a name="login_test1(TA47, Tigo123!)">
                  </a> <!-- login_test1(TA47, Tigo123!) -->
                  <span class="method-name">login_test1</span>
                  <span class="parameters">(TA47, Tigo123!)</span>
                  <div class="stack-trace">org.openqa.selenium.SessionNotCreatedException: Tried to run command without establishing a connection
Build info: version: &apos;3.8.1&apos;, revision: &apos;6e95a6684b&apos;, time: &apos;2017-12-01T18:33:54.468Z&apos;
System info: host: &apos;TH1716&apos;, ip: &apos;172.16.10.82&apos;, os.name: &apos;Windows 8.1&apos;, os.arch: &apos;amd64&apos;, os.version: &apos;6.3&apos;, java.version: &apos;1.8.0_11&apos;
Driver info: org.openqa.selenium.firefox.FirefoxDriver
Capabilities {acceptInsecureCerts: true, browserName: firefox, browserVersion: 61.0.1, javascriptEnabled: true, moz:accessibilityChecks: false, moz:headless: false, moz:processID: 23568, moz:profile: C:\Users\srilatha_yajnanara..., moz:useNonSpecCompliantPointerOrigin: false, moz:webdriverClick: true, pageLoadStrategy: normal, platform: XP, platformName: XP, platformVersion: 6.3, rotatable: false, timeouts: {implicit: 0, pageLoad: 300000, script: 30000}}
Session ID: 1167b4bb-acb2-4899-a115-1a6fe30caa9b
	at org.openqa.selenium.remote.http.W3CHttpResponseCodec.createException(W3CHttpResponseCodec.java:187)
	at org.openqa.selenium.remote.http.W3CHttpResponseCodec.decode(W3CHttpResponseCodec.java:122)
	at org.openqa.selenium.remote.http.W3CHttpResponseCodec.decode(W3CHttpResponseCodec.java:49)
	at org.openqa.selenium.remote.HttpCommandExecutor.execute(HttpCommandExecutor.java:164)
	at org.openqa.selenium.remote.service.DriverCommandExecutor.execute(DriverCommandExecutor.java:83)
	at org.openqa.selenium.remote.RemoteWebDriver.execute(RemoteWebDriver.java:601)
	at org.openqa.selenium.remote.RemoteWebElement.execute(RemoteWebElement.java:279)
	at org.openqa.selenium.remote.RemoteWebElement.isDisplayed(RemoteWebElement.java:320)
	at org.openqa.selenium.support.ui.ExpectedConditions.elementIfVisible(ExpectedConditions.java:301)
	at org.openqa.selenium.support.ui.ExpectedConditions.access$100(ExpectedConditions.java:43)
	at org.openqa.selenium.support.ui.ExpectedConditions$7.apply(ExpectedConditions.java:205)
	at org.openqa.selenium.support.ui.ExpectedConditions$7.apply(ExpectedConditions.java:201)
	at org.openqa.selenium.support.ui.ExpectedConditions$22.apply(ExpectedConditions.java:643)
	at org.openqa.selenium.support.ui.ExpectedConditions$22.apply(ExpectedConditions.java:640)
	at org.openqa.selenium.support.ui.FluentWait.until(FluentWait.java:208)
	at com.milvik.mip.pageutil.MIP_BasePage.waitForElementTobeClickable(MIP_BasePage.java:61)
	at login_multiuser.MultiUser_Test.login_test1(MultiUser_Test.java:55)
	at java.util.concurrent.FutureTask.run(Unknown Source)
	at java.util.concurrent.ThreadPoolExecutor.runWorker(Unknown Source)
	at java.util.concurrent.ThreadPoolExecutor$Worker.run(Unknown Source)
	at java.lang.Thread.run(Unknown Source)
... Removed 20 stack frames
</div> <!-- stack-trace -->
                </div> <!-- method-content -->
              </div> <!-- method -->
              <div class="method">
                <div class="method-content">
                  <a name="login_test1(TA46, Tigo123!)">
                  </a> <!-- login_test1(TA46, Tigo123!) -->
                  <span class="method-name">login_test1</span>
                  <span class="parameters">(TA46, Tigo123!)</span>
                  <div class="stack-trace">org.openqa.selenium.NoSuchSessionException: Session ID is null. Using WebDriver after calling quit()?
Build info: version: &apos;3.8.1&apos;, revision: &apos;6e95a6684b&apos;, time: &apos;2017-12-01T18:33:54.468Z&apos;
System info: host: &apos;TH1716&apos;, ip: &apos;172.16.10.82&apos;, os.name: &apos;Windows 8.1&apos;, os.arch: &apos;amd64&apos;, os.version: &apos;6.3&apos;, java.version: &apos;1.8.0_11&apos;
Driver info: driver.version: RemoteWebDriver
	at org.openqa.selenium.remote.HttpCommandExecutor.execute(HttpCommandExecutor.java:131)
	at org.openqa.selenium.remote.service.DriverCommandExecutor.execute(DriverCommandExecutor.java:83)
	at org.openqa.selenium.remote.RemoteWebDriver.execute(RemoteWebDriver.java:601)
	at org.openqa.selenium.remote.RemoteWebDriver.findElements(RemoteWebDriver.java:398)
	at org.openqa.selenium.remote.RemoteWebDriver.findElementsByLinkText(RemoteWebDriver.java:429)
	at org.openqa.selenium.By$ByLinkText.findElements(By.java:241)
	at org.openqa.selenium.remote.RemoteWebDriver.findElements(RemoteWebDriver.java:359)
	at org.openqa.selenium.support.ui.ExpectedConditions.findElement(ExpectedConditions.java:881)
	at org.openqa.selenium.support.ui.ExpectedConditions.access$000(ExpectedConditions.java:43)
	at org.openqa.selenium.support.ui.ExpectedConditions$7.apply(ExpectedConditions.java:205)
	at org.openqa.selenium.support.ui.ExpectedConditions$7.apply(ExpectedConditions.java:201)
	at org.openqa.selenium.support.ui.ExpectedConditions$22.apply(ExpectedConditions.java:643)
	at org.openqa.selenium.support.ui.ExpectedConditions$22.apply(ExpectedConditions.java:640)
	at org.openqa.selenium.support.ui.FluentWait.until(FluentWait.java:208)
	at com.milvik.mip.pageutil.MIP_BasePage.waitForElementTobeClickable(MIP_BasePage.java:61)
	at login_multiuser.MultiUser_Test.login_test1(MultiUser_Test.java:55)
	at java.util.concurrent.FutureTask.run(Unknown Source)
	at java.util.concurrent.ThreadPoolExecutor.runWorker(Unknown Source)
	at java.util.concurrent.ThreadPoolExecutor$Worker.run(Unknown Source)
	at java.lang.Thread.run(Unknown Source)
... Removed 16 stack frames
</div> <!-- stack-trace -->
                </div> <!-- method-content -->
              </div> <!-- method -->
              <div class="method">
                <div class="method-content">
                  <a name="login_test1(TA51, Tigo123!)">
                  </a> <!-- login_test1(TA51, Tigo123!) -->
                  <span class="method-name">login_test1</span>
                  <span class="parameters">(TA51, Tigo123!)</span>
                  <div class="stack-trace">org.openqa.selenium.TimeoutException: Expected condition failed: waiting for visibility of element located by By.id: offerId (tried for 20 second(s) with 500 MILLISECONDS interval)
	at org.openqa.selenium.support.ui.WebDriverWait.timeoutException(WebDriverWait.java:82)
	at org.openqa.selenium.support.ui.FluentWait.until(FluentWait.java:231)
	at com.milvik.mip.pageutil.MIP_BasePage.waitForElementToVisible(MIP_BasePage.java:49)
	at com.milvik.mip.pageobjects.MIP_RegisterCustomerPage.selectOfferInfo(MIP_RegisterCustomerPage.java:89)
	at login_multiuser.MultiUser_Test.login_test1(MultiUser_Test.java:58)
	at java.util.concurrent.FutureTask.run(Unknown Source)
	at java.util.concurrent.ThreadPoolExecutor.runWorker(Unknown Source)
	at java.util.concurrent.ThreadPoolExecutor$Worker.run(Unknown Source)
	at java.lang.Thread.run(Unknown Source)
Caused by: org.openqa.selenium.NoSuchElementException: Cannot locate an element using By.id: offerId
For documentation on this error, please visit: http://seleniumhq.org/exceptions/no_such_element.html
Build info: version: &apos;3.8.1&apos;, revision: &apos;6e95a6684b&apos;, time: &apos;2017-12-01T18:33:54.468Z&apos;
System info: host: &apos;TH1716&apos;, ip: &apos;172.16.10.82&apos;, os.name: &apos;Windows 8.1&apos;, os.arch: &apos;amd64&apos;, os.version: &apos;6.3&apos;, java.version: &apos;1.8.0_11&apos;
Driver info: driver.version: unknown
	at org.openqa.selenium.support.ui.ExpectedConditions.lambda$findElement$0(ExpectedConditions.java:882)
	at org.openqa.selenium.support.ui.ExpectedConditions$$Lambda$209/1732131891.get(Unknown Source)
	at java.util.Optional.orElseThrow(Unknown Source)
	at org.openqa.selenium.support.ui.ExpectedConditions.findElement(ExpectedConditions.java:881)
	at org.openqa.selenium.support.ui.ExpectedConditions.access$000(ExpectedConditions.java:43)
	at org.openqa.selenium.support.ui.ExpectedConditions$7.apply(ExpectedConditions.java:205)
	at org.openqa.selenium.support.ui.ExpectedConditions$7.apply(ExpectedConditions.java:201)
	at org.openqa.selenium.support.ui.FluentWait.until(FluentWait.java:208)
	... 23 more
... Removed 16 stack frames
</div> <!-- stack-trace -->
                </div> <!-- method-content -->
              </div> <!-- method -->
              <div class="method">
                <div class="method-content">
                  <a name="login_test1(TA43, Tigo123@)">
                  </a> <!-- login_test1(TA43, Tigo123@) -->
                  <span class="method-name">login_test1</span>
                  <span class="parameters">(TA43, Tigo123@)</span>
                  <div class="stack-trace">org.openqa.selenium.TimeoutException: Expected condition failed: waiting for visibility of element located by By.id: offerId (tried for 20 second(s) with 500 MILLISECONDS interval)
	at org.openqa.selenium.support.ui.WebDriverWait.timeoutException(WebDriverWait.java:82)
	at org.openqa.selenium.support.ui.FluentWait.until(FluentWait.java:231)
	at com.milvik.mip.pageutil.MIP_BasePage.waitForElementToVisible(MIP_BasePage.java:49)
	at com.milvik.mip.pageobjects.MIP_RegisterCustomerPage.selectOfferInfo(MIP_RegisterCustomerPage.java:89)
	at login_multiuser.MultiUser_Test.login_test1(MultiUser_Test.java:58)
	at java.util.concurrent.FutureTask.run(Unknown Source)
	at java.util.concurrent.ThreadPoolExecutor.runWorker(Unknown Source)
	at java.util.concurrent.ThreadPoolExecutor$Worker.run(Unknown Source)
	at java.lang.Thread.run(Unknown Source)
Caused by: org.openqa.selenium.NoSuchElementException: Cannot locate an element using By.id: offerId
For documentation on this error, please visit: http://seleniumhq.org/exceptions/no_such_element.html
Build info: version: &apos;3.8.1&apos;, revision: &apos;6e95a6684b&apos;, time: &apos;2017-12-01T18:33:54.468Z&apos;
System info: host: &apos;TH1716&apos;, ip: &apos;172.16.10.82&apos;, os.name: &apos;Windows 8.1&apos;, os.arch: &apos;amd64&apos;, os.version: &apos;6.3&apos;, java.version: &apos;1.8.0_11&apos;
Driver info: driver.version: unknown
	at org.openqa.selenium.support.ui.ExpectedConditions.lambda$findElement$0(ExpectedConditions.java:882)
	at org.openqa.selenium.support.ui.ExpectedConditions$$Lambda$209/1732131891.get(Unknown Source)
	at java.util.Optional.orElseThrow(Unknown Source)
	at org.openqa.selenium.support.ui.ExpectedConditions.findElement(ExpectedConditions.java:881)
	at org.openqa.selenium.support.ui.ExpectedConditions.access$000(ExpectedConditions.java:43)
	at org.openqa.selenium.support.ui.ExpectedConditions$7.apply(ExpectedConditions.java:205)
	at org.openqa.selenium.support.ui.ExpectedConditions$7.apply(ExpectedConditions.java:201)
	at org.openqa.selenium.support.ui.FluentWait.until(FluentWait.java:208)
	... 23 more
... Removed 16 stack frames
</div> <!-- stack-trace -->
                </div> <!-- method-content -->
              </div> <!-- method -->
              <div class="method">
                <div class="method-content">
                  <a name="login_test1(TA49, Tigo123!)">
                  </a> <!-- login_test1(TA49, Tigo123!) -->
                  <span class="method-name">login_test1</span>
                  <span class="parameters">(TA49, Tigo123!)</span>
                  <div class="stack-trace">org.openqa.selenium.TimeoutException: Expected condition failed: waiting for visibility of element located by By.id: offerId (tried for 20 second(s) with 500 MILLISECONDS interval)
	at org.openqa.selenium.support.ui.WebDriverWait.timeoutException(WebDriverWait.java:82)
	at org.openqa.selenium.support.ui.FluentWait.until(FluentWait.java:231)
	at com.milvik.mip.pageutil.MIP_BasePage.waitForElementToVisible(MIP_BasePage.java:49)
	at com.milvik.mip.pageobjects.MIP_RegisterCustomerPage.selectOfferInfo(MIP_RegisterCustomerPage.java:89)
	at login_multiuser.MultiUser_Test.login_test1(MultiUser_Test.java:58)
	at java.util.concurrent.FutureTask.run(Unknown Source)
	at java.util.concurrent.ThreadPoolExecutor.runWorker(Unknown Source)
	at java.util.concurrent.ThreadPoolExecutor$Worker.run(Unknown Source)
	at java.lang.Thread.run(Unknown Source)
Caused by: org.openqa.selenium.NoSuchElementException: Cannot locate an element using By.id: offerId
For documentation on this error, please visit: http://seleniumhq.org/exceptions/no_such_element.html
Build info: version: &apos;3.8.1&apos;, revision: &apos;6e95a6684b&apos;, time: &apos;2017-12-01T18:33:54.468Z&apos;
System info: host: &apos;TH1716&apos;, ip: &apos;172.16.10.82&apos;, os.name: &apos;Windows 8.1&apos;, os.arch: &apos;amd64&apos;, os.version: &apos;6.3&apos;, java.version: &apos;1.8.0_11&apos;
Driver info: driver.version: unknown
	at org.openqa.selenium.support.ui.ExpectedConditions.lambda$findElement$0(ExpectedConditions.java:882)
	at org.openqa.selenium.support.ui.ExpectedConditions$$Lambda$209/1732131891.get(Unknown Source)
	at java.util.Optional.orElseThrow(Unknown Source)
	at org.openqa.selenium.support.ui.ExpectedConditions.findElement(ExpectedConditions.java:881)
	at org.openqa.selenium.support.ui.ExpectedConditions.access$000(ExpectedConditions.java:43)
	at org.openqa.selenium.support.ui.ExpectedConditions$7.apply(ExpectedConditions.java:205)
	at org.openqa.selenium.support.ui.ExpectedConditions$7.apply(ExpectedConditions.java:201)
	at org.openqa.selenium.support.ui.FluentWait.until(FluentWait.java:208)
	... 23 more
... Removed 16 stack frames
</div> <!-- stack-trace -->
                </div> <!-- method-content -->
              </div> <!-- method -->
              <div class="method">
                <div class="method-content">
                  <a name="login_test2(TA15, Tigo123!)">
                  </a> <!-- login_test2(TA15, Tigo123!) -->
                  <span class="method-name">login_test2</span>
                  <span class="parameters">(TA15, Tigo123!)</span>
                  <div class="stack-trace">org.openqa.selenium.TimeoutException: Expected condition failed: waiting for visibility of element located by By.linkText: Customer Management (tried for 20 second(s) with 500 MILLISECONDS interval)
	at org.openqa.selenium.support.ui.WebDriverWait.timeoutException(WebDriverWait.java:82)
	at org.openqa.selenium.support.ui.FluentWait.until(FluentWait.java:231)
	at com.milvik.mip.pageutil.MIP_BasePage.waitForElementToVisible(MIP_BasePage.java:49)
	at com.milvik.mip.pageobjects.MIP_HomePage.clickOnMenu(MIP_HomePage.java:97)
	at login_multiuser.MultiUser_Test.login_test2(MultiUser_Test.java:92)
	at java.util.concurrent.FutureTask.run(Unknown Source)
	at java.util.concurrent.ThreadPoolExecutor.runWorker(Unknown Source)
	at java.util.concurrent.ThreadPoolExecutor$Worker.run(Unknown Source)
	at java.lang.Thread.run(Unknown Source)
Caused by: org.openqa.selenium.NoSuchElementException: Cannot locate an element using By.linkText: Customer Management
For documentation on this error, please visit: http://seleniumhq.org/exceptions/no_such_element.html
Build info: version: &apos;3.8.1&apos;, revision: &apos;6e95a6684b&apos;, time: &apos;2017-12-01T18:33:54.468Z&apos;
System info: host: &apos;TH1716&apos;, ip: &apos;172.16.10.82&apos;, os.name: &apos;Windows 8.1&apos;, os.arch: &apos;amd64&apos;, os.version: &apos;6.3&apos;, java.version: &apos;1.8.0_11&apos;
Driver info: driver.version: unknown
	at org.openqa.selenium.support.ui.ExpectedConditions.lambda$findElement$0(ExpectedConditions.java:882)
	at org.openqa.selenium.support.ui.ExpectedConditions$$Lambda$209/1732131891.get(Unknown Source)
	at java.util.Optional.orElseThrow(Unknown Source)
	at org.openqa.selenium.support.ui.ExpectedConditions.findElement(ExpectedConditions.java:881)
	at org.openqa.selenium.support.ui.ExpectedConditions.access$000(ExpectedConditions.java:43)
	at org.openqa.selenium.support.ui.ExpectedConditions$7.apply(ExpectedConditions.java:205)
	at org.openqa.selenium.support.ui.ExpectedConditions$7.apply(ExpectedConditions.java:201)
	at org.openqa.selenium.support.ui.FluentWait.until(FluentWait.java:208)
	... 23 more
... Removed 16 stack frames
</div> <!-- stack-trace -->
                </div> <!-- method-content -->
              </div> <!-- method -->
              <div class="method">
                <div class="method-content">
                  <a name="login_test3(TA41, Tigo123!)">
                  </a> <!-- login_test3(TA41, Tigo123!) -->
                  <span class="method-name">login_test3</span>
                  <span class="parameters">(TA41, Tigo123!)</span>
                  <div class="stack-trace">org.openqa.selenium.TimeoutException: Expected condition failed: waiting for visibility of element located by By.id: offerId (tried for 20 second(s) with 500 MILLISECONDS interval)
	at org.openqa.selenium.support.ui.WebDriverWait.timeoutException(WebDriverWait.java:82)
	at org.openqa.selenium.support.ui.FluentWait.until(FluentWait.java:231)
	at com.milvik.mip.pageutil.MIP_BasePage.waitForElementToVisible(MIP_BasePage.java:49)
	at com.milvik.mip.pageobjects.MIP_RegisterCustomerPage.selectOfferInfo(MIP_RegisterCustomerPage.java:89)
	at login_multiuser.MultiUser_Test.login_test3(MultiUser_Test.java:134)
	at java.util.concurrent.FutureTask.run(Unknown Source)
	at java.util.concurrent.ThreadPoolExecutor.runWorker(Unknown Source)
	at java.util.concurrent.ThreadPoolExecutor$Worker.run(Unknown Source)
	at java.lang.Thread.run(Unknown Source)
Caused by: org.openqa.selenium.NoSuchElementException: Cannot locate an element using By.id: offerId
For documentation on this error, please visit: http://seleniumhq.org/exceptions/no_such_element.html
Build info: version: &apos;3.8.1&apos;, revision: &apos;6e95a6684b&apos;, time: &apos;2017-12-01T18:33:54.468Z&apos;
System info: host: &apos;TH1716&apos;, ip: &apos;172.16.10.82&apos;, os.name: &apos;Windows 8.1&apos;, os.arch: &apos;amd64&apos;, os.version: &apos;6.3&apos;, java.version: &apos;1.8.0_11&apos;
Driver info: driver.version: unknown
	at org.openqa.selenium.support.ui.ExpectedConditions.lambda$findElement$0(ExpectedConditions.java:882)
	at org.openqa.selenium.support.ui.ExpectedConditions$$Lambda$209/1732131891.get(Unknown Source)
	at java.util.Optional.orElseThrow(Unknown Source)
	at org.openqa.selenium.support.ui.ExpectedConditions.findElement(ExpectedConditions.java:881)
	at org.openqa.selenium.support.ui.ExpectedConditions.access$000(ExpectedConditions.java:43)
	at org.openqa.selenium.support.ui.ExpectedConditions$7.apply(ExpectedConditions.java:205)
	at org.openqa.selenium.support.ui.ExpectedConditions$7.apply(ExpectedConditions.java:201)
	at org.openqa.selenium.support.ui.FluentWait.until(FluentWait.java:208)
	... 23 more
... Removed 16 stack frames
</div> <!-- stack-trace -->
                </div> <!-- method-content -->
              </div> <!-- method -->
              <div class="method">
                <div class="method-content">
                  <a name="login_test4(TA42, Tigo123!)">
                  </a> <!-- login_test4(TA42, Tigo123!) -->
                  <span class="method-name">login_test4</span>
                  <span class="parameters">(TA42, Tigo123!)</span>
                  <div class="stack-trace">org.openqa.selenium.TimeoutException: Expected condition failed: waiting for visibility of element located by By.id: offerId (tried for 20 second(s) with 500 MILLISECONDS interval)
	at org.openqa.selenium.support.ui.WebDriverWait.timeoutException(WebDriverWait.java:82)
	at org.openqa.selenium.support.ui.FluentWait.until(FluentWait.java:231)
	at com.milvik.mip.pageutil.MIP_BasePage.waitForElementToVisible(MIP_BasePage.java:49)
	at com.milvik.mip.pageobjects.MIP_RegisterCustomerPage.selectOfferInfo(MIP_RegisterCustomerPage.java:89)
	at login_multiuser.MultiUser_Test.login_test4(MultiUser_Test.java:171)
	at java.util.concurrent.FutureTask.run(Unknown Source)
	at java.util.concurrent.ThreadPoolExecutor.runWorker(Unknown Source)
	at java.util.concurrent.ThreadPoolExecutor$Worker.run(Unknown Source)
	at java.lang.Thread.run(Unknown Source)
Caused by: org.openqa.selenium.NoSuchElementException: Cannot locate an element using By.id: offerId
For documentation on this error, please visit: http://seleniumhq.org/exceptions/no_such_element.html
Build info: version: &apos;3.8.1&apos;, revision: &apos;6e95a6684b&apos;, time: &apos;2017-12-01T18:33:54.468Z&apos;
System info: host: &apos;TH1716&apos;, ip: &apos;172.16.10.82&apos;, os.name: &apos;Windows 8.1&apos;, os.arch: &apos;amd64&apos;, os.version: &apos;6.3&apos;, java.version: &apos;1.8.0_11&apos;
Driver info: driver.version: unknown
	at org.openqa.selenium.support.ui.ExpectedConditions.lambda$findElement$0(ExpectedConditions.java:882)
	at org.openqa.selenium.support.ui.ExpectedConditions$$Lambda$209/1732131891.get(Unknown Source)
	at java.util.Optional.orElseThrow(Unknown Source)
	at org.openqa.selenium.support.ui.ExpectedConditions.findElement(ExpectedConditions.java:881)
	at org.openqa.selenium.support.ui.ExpectedConditions.access$000(ExpectedConditions.java:43)
	at org.openqa.selenium.support.ui.ExpectedConditions$7.apply(ExpectedConditions.java:205)
	at org.openqa.selenium.support.ui.ExpectedConditions$7.apply(ExpectedConditions.java:201)
	at org.openqa.selenium.support.ui.FluentWait.until(FluentWait.java:208)
	... 23 more
... Removed 16 stack frames
</div> <!-- stack-trace -->
                </div> <!-- method-content -->
              </div> <!-- method -->
            </div> <!-- main-panel-content rounded-window-bottom -->
          </div> <!-- suite-Suite-class-failed -->
        </div> <!-- panel Suite -->
        <div panel-name="test-xml-Suite" class="panel">
          <div class="main-panel-header rounded-window-top">
            <span class="header-content">D:\srilatha\MIP\NI\Automation_Wrokspace\mip_Nicaragua\testng.xml</span>
          </div> <!-- main-panel-header rounded-window-top -->
          <div class="main-panel-content rounded-window-bottom">
            <pre>
&lt;?xml version=&quot;1.0&quot; encoding=&quot;UTF-8&quot;?&gt;
&lt;!DOCTYPE suite SYSTEM &quot;http://testng.org/testng-1.0.dtd&quot;&gt;
&lt;suite thread-count=&quot;20&quot; guice-stage=&quot;DEVELOPMENT&quot; name=&quot;Suite&quot; parallel=&quot;tests&quot;&gt;
  &lt;test thread-count=&quot;10&quot; name=&quot;Test1&quot; parallel=&quot;tests&quot;&gt;
    &lt;parameter name=&quot;password&quot; value=&quot;Tigo123!&quot;/&gt;
    &lt;parameter name=&quot;username&quot; value=&quot;DASHBOARD&quot;/&gt;
    &lt;classes&gt;
      &lt;class name=&quot;login_multiuser.TestConfig&quot;/&gt;
      &lt;class name=&quot;login_multiuser.MultiUser_Test&quot;&gt;
        &lt;methods&gt;
          &lt;include name=&quot;login_test1&quot;/&gt;
        &lt;/methods&gt;
      &lt;/class&gt; &lt;!-- login_multiuser.MultiUser_Test --&gt;
    &lt;/classes&gt;
  &lt;/test&gt; &lt;!-- Test1 --&gt;
  &lt;test thread-count=&quot;10&quot; name=&quot;Test4&quot; parallel=&quot;tests&quot;&gt;
    &lt;parameter name=&quot;password&quot; value=&quot;Tigo123!&quot;/&gt;
    &lt;parameter name=&quot;username&quot; value=&quot;TA15&quot;/&gt;
    &lt;classes&gt;
      &lt;class name=&quot;login_multiuser.TestConfig&quot;/&gt;
      &lt;class name=&quot;login_multiuser.MultiUser_Test&quot;&gt;
        &lt;methods&gt;
          &lt;include name=&quot;login_test2&quot;/&gt;
        &lt;/methods&gt;
      &lt;/class&gt; &lt;!-- login_multiuser.MultiUser_Test --&gt;
    &lt;/classes&gt;
  &lt;/test&gt; &lt;!-- Test4 --&gt;
  &lt;test thread-count=&quot;10&quot; name=&quot;Test2&quot; parallel=&quot;tests&quot;&gt;
    &lt;parameter name=&quot;password&quot; value=&quot;Tigo123!&quot;/&gt;
    &lt;parameter name=&quot;username&quot; value=&quot;TA41&quot;/&gt;
    &lt;classes&gt;
      &lt;class name=&quot;login_multiuser.TestConfig&quot;/&gt;
      &lt;class name=&quot;login_multiuser.MultiUser_Test&quot;&gt;
        &lt;methods&gt;
          &lt;include name=&quot;login_test3&quot;/&gt;
        &lt;/methods&gt;
      &lt;/class&gt; &lt;!-- login_multiuser.MultiUser_Test --&gt;
    &lt;/classes&gt;
  &lt;/test&gt; &lt;!-- Test2 --&gt;
  &lt;test thread-count=&quot;10&quot; name=&quot;Test3&quot; parallel=&quot;tests&quot;&gt;
    &lt;parameter name=&quot;password&quot; value=&quot;Tigo123!&quot;/&gt;
    &lt;parameter name=&quot;username&quot; value=&quot;TA42&quot;/&gt;
    &lt;classes&gt;
      &lt;class name=&quot;login_multiuser.TestConfig&quot;/&gt;
      &lt;class name=&quot;login_multiuser.MultiUser_Test&quot;&gt;
        &lt;methods&gt;
          &lt;include name=&quot;login_test4&quot;/&gt;
        &lt;/methods&gt;
      &lt;/class&gt; &lt;!-- login_multiuser.MultiUser_Test --&gt;
    &lt;/classes&gt;
  &lt;/test&gt; &lt;!-- Test3 --&gt;
  &lt;test thread-count=&quot;20&quot; name=&quot;Test5&quot; parallel=&quot;tests&quot;&gt;
    &lt;parameter name=&quot;password&quot; value=&quot;Tigo123@&quot;/&gt;
    &lt;parameter name=&quot;username&quot; value=&quot;TA43&quot;/&gt;
    &lt;classes&gt;
      &lt;class name=&quot;login_multiuser.TestConfig&quot;/&gt;
      &lt;class name=&quot;login_multiuser.MultiUser_Test&quot;&gt;
        &lt;methods&gt;
          &lt;include name=&quot;login_test1&quot;/&gt;
        &lt;/methods&gt;
      &lt;/class&gt; &lt;!-- login_multiuser.MultiUser_Test --&gt;
    &lt;/classes&gt;
  &lt;/test&gt; &lt;!-- Test5 --&gt;
  &lt;test thread-count=&quot;20&quot; name=&quot;Test6&quot; parallel=&quot;tests&quot;&gt;
    &lt;parameter name=&quot;password&quot; value=&quot;Tigo123!&quot;/&gt;
    &lt;parameter name=&quot;username&quot; value=&quot;TA44&quot;/&gt;
    &lt;classes&gt;
      &lt;class name=&quot;login_multiuser.TestConfig&quot;/&gt;
      &lt;class name=&quot;login_multiuser.MultiUser_Test&quot;&gt;
        &lt;methods&gt;
          &lt;include name=&quot;login_test1&quot;/&gt;
        &lt;/methods&gt;
      &lt;/class&gt; &lt;!-- login_multiuser.MultiUser_Test --&gt;
    &lt;/classes&gt;
  &lt;/test&gt; &lt;!-- Test6 --&gt;
  &lt;test thread-count=&quot;20&quot; name=&quot;Test7&quot; parallel=&quot;tests&quot;&gt;
    &lt;parameter name=&quot;password&quot; value=&quot;Tigo123!&quot;/&gt;
    &lt;parameter name=&quot;username&quot; value=&quot;TA45&quot;/&gt;
    &lt;classes&gt;
      &lt;class name=&quot;login_multiuser.TestConfig&quot;/&gt;
      &lt;class name=&quot;login_multiuser.MultiUser_Test&quot;&gt;
        &lt;methods&gt;
          &lt;include name=&quot;login_test1&quot;/&gt;
        &lt;/methods&gt;
      &lt;/class&gt; &lt;!-- login_multiuser.MultiUser_Test --&gt;
    &lt;/classes&gt;
  &lt;/test&gt; &lt;!-- Test7 --&gt;
  &lt;test thread-count=&quot;20&quot; name=&quot;Test8&quot; parallel=&quot;tests&quot;&gt;
    &lt;parameter name=&quot;password&quot; value=&quot;Tigo123!&quot;/&gt;
    &lt;parameter name=&quot;username&quot; value=&quot;TA46&quot;/&gt;
    &lt;classes&gt;
      &lt;class name=&quot;login_multiuser.TestConfig&quot;/&gt;
      &lt;class name=&quot;login_multiuser.MultiUser_Test&quot;&gt;
        &lt;methods&gt;
          &lt;include name=&quot;login_test1&quot;/&gt;
        &lt;/methods&gt;
      &lt;/class&gt; &lt;!-- login_multiuser.MultiUser_Test --&gt;
    &lt;/classes&gt;
  &lt;/test&gt; &lt;!-- Test8 --&gt;
  &lt;test thread-count=&quot;20&quot; name=&quot;Test9&quot; parallel=&quot;tests&quot;&gt;
    &lt;parameter name=&quot;password&quot; value=&quot;Tigo123!&quot;/&gt;
    &lt;parameter name=&quot;username&quot; value=&quot;TA47&quot;/&gt;
    &lt;classes&gt;
      &lt;class name=&quot;login_multiuser.TestConfig&quot;/&gt;
      &lt;class name=&quot;login_multiuser.MultiUser_Test&quot;&gt;
        &lt;methods&gt;
          &lt;include name=&quot;login_test1&quot;/&gt;
        &lt;/methods&gt;
      &lt;/class&gt; &lt;!-- login_multiuser.MultiUser_Test --&gt;
    &lt;/classes&gt;
  &lt;/test&gt; &lt;!-- Test9 --&gt;
  &lt;test thread-count=&quot;20&quot; name=&quot;Test10&quot; parallel=&quot;tests&quot;&gt;
    &lt;parameter name=&quot;password&quot; value=&quot;Tigo123!&quot;/&gt;
    &lt;parameter name=&quot;username&quot; value=&quot;TA48&quot;/&gt;
    &lt;classes&gt;
      &lt;class name=&quot;login_multiuser.TestConfig&quot;/&gt;
      &lt;class name=&quot;login_multiuser.MultiUser_Test&quot;&gt;
        &lt;methods&gt;
          &lt;include name=&quot;login_test1&quot;/&gt;
        &lt;/methods&gt;
      &lt;/class&gt; &lt;!-- login_multiuser.MultiUser_Test --&gt;
    &lt;/classes&gt;
  &lt;/test&gt; &lt;!-- Test10 --&gt;
  &lt;test thread-count=&quot;20&quot; name=&quot;Test11&quot; parallel=&quot;tests&quot;&gt;
    &lt;parameter name=&quot;password&quot; value=&quot;Tigo123!&quot;/&gt;
    &lt;parameter name=&quot;username&quot; value=&quot;TA49&quot;/&gt;
    &lt;classes&gt;
      &lt;class name=&quot;login_multiuser.TestConfig&quot;/&gt;
      &lt;class name=&quot;login_multiuser.MultiUser_Test&quot;&gt;
        &lt;methods&gt;
          &lt;include name=&quot;login_test1&quot;/&gt;
        &lt;/methods&gt;
      &lt;/class&gt; &lt;!-- login_multiuser.MultiUser_Test --&gt;
    &lt;/classes&gt;
  &lt;/test&gt; &lt;!-- Test11 --&gt;
  &lt;test thread-count=&quot;20&quot; name=&quot;Test12&quot; parallel=&quot;tests&quot;&gt;
    &lt;parameter name=&quot;password&quot; value=&quot;Tigo123!&quot;/&gt;
    &lt;parameter name=&quot;username&quot; value=&quot;TA50&quot;/&gt;
    &lt;classes&gt;
      &lt;class name=&quot;login_multiuser.TestConfig&quot;/&gt;
      &lt;class name=&quot;login_multiuser.MultiUser_Test&quot;&gt;
        &lt;methods&gt;
          &lt;include name=&quot;login_test1&quot;/&gt;
        &lt;/methods&gt;
      &lt;/class&gt; &lt;!-- login_multiuser.MultiUser_Test --&gt;
    &lt;/classes&gt;
  &lt;/test&gt; &lt;!-- Test12 --&gt;
  &lt;test thread-count=&quot;20&quot; name=&quot;Test13&quot; parallel=&quot;tests&quot;&gt;
    &lt;parameter name=&quot;password&quot; value=&quot;Tigo123!&quot;/&gt;
    &lt;parameter name=&quot;username&quot; value=&quot;TA51&quot;/&gt;
    &lt;classes&gt;
      &lt;class name=&quot;login_multiuser.TestConfig&quot;/&gt;
      &lt;class name=&quot;login_multiuser.MultiUser_Test&quot;&gt;
        &lt;methods&gt;
          &lt;include name=&quot;login_test1&quot;/&gt;
        &lt;/methods&gt;
      &lt;/class&gt; &lt;!-- login_multiuser.MultiUser_Test --&gt;
    &lt;/classes&gt;
  &lt;/test&gt; &lt;!-- Test13 --&gt;
  &lt;test thread-count=&quot;20&quot; name=&quot;Test14&quot; parallel=&quot;tests&quot;&gt;
    &lt;parameter name=&quot;password&quot; value=&quot;Tigo123!&quot;/&gt;
    &lt;parameter name=&quot;username&quot; value=&quot;TA52&quot;/&gt;
    &lt;classes&gt;
      &lt;class name=&quot;login_multiuser.TestConfig&quot;/&gt;
      &lt;class name=&quot;login_multiuser.MultiUser_Test&quot;&gt;
        &lt;methods&gt;
          &lt;include name=&quot;login_test1&quot;/&gt;
        &lt;/methods&gt;
      &lt;/class&gt; &lt;!-- login_multiuser.MultiUser_Test --&gt;
    &lt;/classes&gt;
  &lt;/test&gt; &lt;!-- Test14 --&gt;
  &lt;test thread-count=&quot;20&quot; name=&quot;Test15&quot; parallel=&quot;tests&quot;&gt;
    &lt;parameter name=&quot;password&quot; value=&quot;Tigo123!&quot;/&gt;
    &lt;parameter name=&quot;username&quot; value=&quot;TA53&quot;/&gt;
    &lt;classes&gt;
      &lt;class name=&quot;login_multiuser.TestConfig&quot;/&gt;
      &lt;class name=&quot;login_multiuser.MultiUser_Test&quot;&gt;
        &lt;methods&gt;
          &lt;include name=&quot;login_test1&quot;/&gt;
        &lt;/methods&gt;
      &lt;/class&gt; &lt;!-- login_multiuser.MultiUser_Test --&gt;
    &lt;/classes&gt;
  &lt;/test&gt; &lt;!-- Test15 --&gt;
&lt;/suite&gt; &lt;!-- Suite --&gt;
            </pre>
          </div> <!-- main-panel-content rounded-window-bottom -->
        </div> <!-- panel -->
        <div panel-name="testlist-Suite" class="panel">
          <div class="main-panel-header rounded-window-top">
            <span class="header-content">Tests for Suite</span>
          </div> <!-- main-panel-header rounded-window-top -->
          <div class="main-panel-content rounded-window-bottom">
            <ul>
              <li>
                <span class="test-name">Test1 (2 classes)</span>
              </li>
              <li>
                <span class="test-name">Test4 (2 classes)</span>
              </li>
              <li>
                <span class="test-name">Test2 (2 classes)</span>
              </li>
              <li>
                <span class="test-name">Test3 (2 classes)</span>
              </li>
              <li>
                <span class="test-name">Test5 (2 classes)</span>
              </li>
              <li>
                <span class="test-name">Test6 (2 classes)</span>
              </li>
              <li>
                <span class="test-name">Test7 (2 classes)</span>
              </li>
              <li>
                <span class="test-name">Test8 (2 classes)</span>
              </li>
              <li>
                <span class="test-name">Test9 (2 classes)</span>
              </li>
              <li>
                <span class="test-name">Test10 (2 classes)</span>
              </li>
              <li>
                <span class="test-name">Test11 (2 classes)</span>
              </li>
              <li>
                <span class="test-name">Test12 (2 classes)</span>
              </li>
              <li>
                <span class="test-name">Test13 (2 classes)</span>
              </li>
              <li>
                <span class="test-name">Test14 (2 classes)</span>
              </li>
              <li>
                <span class="test-name">Test15 (2 classes)</span>
              </li>
            </ul>
          </div> <!-- main-panel-content rounded-window-bottom -->
        </div> <!-- panel -->
        <div panel-name="group-Suite" class="panel">
          <div class="main-panel-header rounded-window-top">
            <span class="header-content">Groups for Suite</span>
          </div> <!-- main-panel-header rounded-window-top -->
          <div class="main-panel-content rounded-window-bottom">
          </div> <!-- main-panel-content rounded-window-bottom -->
        </div> <!-- panel -->
        <div panel-name="times-Suite" class="panel">
          <div class="main-panel-header rounded-window-top">
            <span class="header-content">Times for Suite</span>
          </div> <!-- main-panel-header rounded-window-top -->
          <div class="main-panel-content rounded-window-bottom">
            <div class="times-div">
              <script type="text/javascript">
suiteTableInitFunctions.push('tableData_Suite');
function tableData_Suite() {
var data = new google.visualization.DataTable();
data.addColumn('number', 'Number');
data.addColumn('string', 'Method');
data.addColumn('string', 'Class');
data.addColumn('number', 'Time (ms)');
data.addRows(15);
data.setCell(0, 0, 0)
data.setCell(0, 1, 'login_test1')
data.setCell(0, 2, 'login_multiuser.MultiUser_Test')
data.setCell(0, 3, 268032);
data.setCell(1, 0, 1)
data.setCell(1, 1, 'login_test1')
data.setCell(1, 2, 'login_multiuser.MultiUser_Test')
data.setCell(1, 3, 238760);
data.setCell(2, 0, 2)
data.setCell(2, 1, 'login_test1')
data.setCell(2, 2, 'login_multiuser.MultiUser_Test')
data.setCell(2, 3, 235830);
data.setCell(3, 0, 3)
data.setCell(3, 1, 'login_test3')
data.setCell(3, 2, 'login_multiuser.MultiUser_Test')
data.setCell(3, 3, 231986);
data.setCell(4, 0, 4)
data.setCell(4, 1, 'login_test1')
data.setCell(4, 2, 'login_multiuser.MultiUser_Test')
data.setCell(4, 3, 203161);
data.setCell(5, 0, 5)
data.setCell(5, 1, 'login_test1')
data.setCell(5, 2, 'login_multiuser.MultiUser_Test')
data.setCell(5, 3, 198873);
data.setCell(6, 0, 6)
data.setCell(6, 1, 'login_test1')
data.setCell(6, 2, 'login_multiuser.MultiUser_Test')
data.setCell(6, 3, 198790);
data.setCell(7, 0, 7)
data.setCell(7, 1, 'login_test1')
data.setCell(7, 2, 'login_multiuser.MultiUser_Test')
data.setCell(7, 3, 198757);
data.setCell(8, 0, 8)
data.setCell(8, 1, 'login_test1')
data.setCell(8, 2, 'login_multiuser.MultiUser_Test')
data.setCell(8, 3, 198581);
data.setCell(9, 0, 9)
data.setCell(9, 1, 'login_test1')
data.setCell(9, 2, 'login_multiuser.MultiUser_Test')
data.setCell(9, 3, 198568);
data.setCell(10, 0, 10)
data.setCell(10, 1, 'login_test4')
data.setCell(10, 2, 'login_multiuser.MultiUser_Test')
data.setCell(10, 3, 197764);
data.setCell(11, 0, 11)
data.setCell(11, 1, 'login_test1')
data.setCell(11, 2, 'login_multiuser.MultiUser_Test')
data.setCell(11, 3, 162411);
data.setCell(12, 0, 12)
data.setCell(12, 1, 'login_test1')
data.setCell(12, 2, 'login_multiuser.MultiUser_Test')
data.setCell(12, 3, 158624);
data.setCell(13, 0, 13)
data.setCell(13, 1, 'login_test2')
data.setCell(13, 2, 'login_multiuser.MultiUser_Test')
data.setCell(13, 3, 125031);
data.setCell(14, 0, 14)
data.setCell(14, 1, 'login_test1')
data.setCell(14, 2, 'login_multiuser.MultiUser_Test')
data.setCell(14, 3, 124110);
window.suiteTableData['Suite']= { tableData: data, tableDiv: 'times-div-Suite'}
return data;
}
              </script>
              <span class="suite-total-time">Total running time: 48 minutes</span>
              <div id="times-div-Suite">
              </div> <!-- times-div-Suite -->
            </div> <!-- times-div -->
          </div> <!-- main-panel-content rounded-window-bottom -->
        </div> <!-- panel -->
        <div panel-name="reporter-Suite" class="panel">
          <div class="main-panel-header rounded-window-top">
            <span class="header-content">Reporter output for Suite</span>
          </div> <!-- main-panel-header rounded-window-top -->
          <div class="main-panel-content rounded-window-bottom">
          </div> <!-- main-panel-content rounded-window-bottom -->
        </div> <!-- panel -->
        <div panel-name="ignored-methods-Suite" class="panel">
          <div class="main-panel-header rounded-window-top">
            <span class="header-content">75 ignored methods</span>
          </div> <!-- main-panel-header rounded-window-top -->
          <div class="main-panel-content rounded-window-bottom">
            <div class="ignored-class-div">
              <span class="ignored-class-name">login_multiuser.MultiUser_Test</span>
              <div class="ignored-methods-div">
                <span class="ignored-method-name">login_test2</span>
                <br/>
                <span class="ignored-method-name">login_test2</span>
                <br/>
                <span class="ignored-method-name">login_test2</span>
                <br/>
                <span class="ignored-method-name">login_test2</span>
                <br/>
                <span class="ignored-method-name">login_test2</span>
                <br/>
                <span class="ignored-method-name">login_test2</span>
                <br/>
                <span class="ignored-method-name">login_test2</span>
                <br/>
                <span class="ignored-method-name">login_test2</span>
                <br/>
                <span class="ignored-method-name">login_test2</span>
                <br/>
                <span class="ignored-method-name">login_test2</span>
                <br/>
                <span class="ignored-method-name">login_test2</span>
                <br/>
                <span class="ignored-method-name">login_test2</span>
                <br/>
                <span class="ignored-method-name">login_test2</span>
                <br/>
                <span class="ignored-method-name">login_test2</span>
                <br/>
                <span class="ignored-method-name">login_test3</span>
                <br/>
                <span class="ignored-method-name">login_test3</span>
                <br/>
                <span class="ignored-method-name">login_test3</span>
                <br/>
                <span class="ignored-method-name">login_test3</span>
                <br/>
                <span class="ignored-method-name">login_test3</span>
                <br/>
                <span class="ignored-method-name">login_test3</span>
                <br/>
                <span class="ignored-method-name">login_test3</span>
                <br/>
                <span class="ignored-method-name">login_test3</span>
                <br/>
                <span class="ignored-method-name">login_test3</span>
                <br/>
                <span class="ignored-method-name">login_test3</span>
                <br/>
                <span class="ignored-method-name">login_test3</span>
                <br/>
                <span class="ignored-method-name">login_test3</span>
                <br/>
                <span class="ignored-method-name">login_test3</span>
                <br/>
                <span class="ignored-method-name">login_test3</span>
                <br/>
                <span class="ignored-method-name">login_test1</span>
                <br/>
                <span class="ignored-method-name">login_test1</span>
                <br/>
                <span class="ignored-method-name">login_test1</span>
                <br/>
                <span class="ignored-method-name">login_test6</span>
                <br/>
                <span class="ignored-method-name">login_test6</span>
                <br/>
                <span class="ignored-method-name">login_test6</span>
                <br/>
                <span class="ignored-method-name">login_test6</span>
                <br/>
                <span class="ignored-method-name">login_test6</span>
                <br/>
                <span class="ignored-method-name">login_test6</span>
                <br/>
                <span class="ignored-method-name">login_test6</span>
                <br/>
                <span class="ignored-method-name">login_test6</span>
                <br/>
                <span class="ignored-method-name">login_test6</span>
                <br/>
                <span class="ignored-method-name">login_test6</span>
                <br/>
                <span class="ignored-method-name">login_test6</span>
                <br/>
                <span class="ignored-method-name">login_test6</span>
                <br/>
                <span class="ignored-method-name">login_test6</span>
                <br/>
                <span class="ignored-method-name">login_test6</span>
                <br/>
                <span class="ignored-method-name">login_test6</span>
                <br/>
                <span class="ignored-method-name">login_test4</span>
                <br/>
                <span class="ignored-method-name">login_test4</span>
                <br/>
                <span class="ignored-method-name">login_test4</span>
                <br/>
                <span class="ignored-method-name">login_test4</span>
                <br/>
                <span class="ignored-method-name">login_test4</span>
                <br/>
                <span class="ignored-method-name">login_test4</span>
                <br/>
                <span class="ignored-method-name">login_test4</span>
                <br/>
                <span class="ignored-method-name">login_test4</span>
                <br/>
                <span class="ignored-method-name">login_test4</span>
                <br/>
                <span class="ignored-method-name">login_test4</span>
                <br/>
                <span class="ignored-method-name">login_test4</span>
                <br/>
                <span class="ignored-method-name">login_test4</span>
                <br/>
                <span class="ignored-method-name">login_test4</span>
                <br/>
                <span class="ignored-method-name">login_test4</span>
                <br/>
                <span class="ignored-method-name">login_test5</span>
                <br/>
                <span class="ignored-method-name">login_test5</span>
                <br/>
                <span class="ignored-method-name">login_test5</span>
                <br/>
                <span class="ignored-method-name">login_test5</span>
                <br/>
                <span class="ignored-method-name">login_test5</span>
                <br/>
                <span class="ignored-method-name">login_test5</span>
                <br/>
                <span class="ignored-method-name">login_test5</span>
                <br/>
                <span class="ignored-method-name">login_test5</span>
                <br/>
                <span class="ignored-method-name">login_test5</span>
                <br/>
                <span class="ignored-method-name">login_test5</span>
                <br/>
                <span class="ignored-method-name">login_test5</span>
                <br/>
                <span class="ignored-method-name">login_test5</span>
                <br/>
                <span class="ignored-method-name">login_test5</span>
                <br/>
                <span class="ignored-method-name">login_test5</span>
                <br/>
                <span class="ignored-method-name">login_test5</span>
                <br/>
              </div> <!-- ignored-methods-div -->
            </div> <!-- ignored-class-div -->
          </div> <!-- main-panel-content rounded-window-bottom -->
        </div> <!-- panel -->
        <div panel-name="chronological-Suite" class="panel">
          <div class="main-panel-header rounded-window-top">
            <span class="header-content">Methods in chronological order</span>
          </div> <!-- main-panel-header rounded-window-top -->
          <div class="main-panel-content rounded-window-bottom">
            <div class="chronological-class">
              <div class="chronological-class-name">login_multiuser.MultiUser_Test</div> <!-- chronological-class-name -->
              <div class="test-method">
                <img src="failed.png">
                </img>
                <span class="method-name">login_test1(TA50, Tigo123!)</span>
                <span class="method-start">0 ms</span>
              </div> <!-- test-method -->
              <div class="test-method">
                <img src="failed.png">
                </img>
                <span class="method-name">login_test1(TA48, Tigo123!)</span>
                <span class="method-start">0 ms</span>
              </div> <!-- test-method -->
              <div class="test-method">
                <img src="failed.png">
                </img>
                <span class="method-name">login_test1(TA52, Tigo123!)</span>
                <span class="method-start">0 ms</span>
              </div> <!-- test-method -->
              <div class="test-method">
                <img src="failed.png">
                </img>
                <span class="method-name">login_test2(TA15, Tigo123!)</span>
                <span class="method-start">0 ms</span>
              </div> <!-- test-method -->
              <div class="test-method">
                <img src="failed.png">
                </img>
                <span class="method-name">login_test1(TA44, Tigo123!)</span>
                <span class="method-start">0 ms</span>
              </div> <!-- test-method -->
              <div class="test-method">
                <img src="failed.png">
                </img>
                <span class="method-name">login_test1(TA45, Tigo123!)</span>
                <span class="method-start">0 ms</span>
              </div> <!-- test-method -->
              <div class="test-method">
                <img src="failed.png">
                </img>
                <span class="method-name">login_test1(DASHBOARD, Tigo123!)</span>
                <span class="method-start">0 ms</span>
              </div> <!-- test-method -->
              <div class="test-method">
                <img src="failed.png">
                </img>
                <span class="method-name">login_test1(TA47, Tigo123!)</span>
                <span class="method-start">0 ms</span>
              </div> <!-- test-method -->
              <div class="test-method">
                <img src="failed.png">
                </img>
                <span class="method-name">login_test1(TA49, Tigo123!)</span>
                <span class="method-start">0 ms</span>
              </div> <!-- test-method -->
              <div class="test-method">
                <img src="failed.png">
                </img>
                <span class="method-name">login_test1(TA43, Tigo123@)</span>
                <span class="method-start">0 ms</span>
              </div> <!-- test-method -->
              <div class="test-method">
                <img src="failed.png">
                </img>
                <span class="method-name">login_test1(TA51, Tigo123!)</span>
                <span class="method-start">0 ms</span>
              </div> <!-- test-method -->
              <div class="test-method">
                <img src="failed.png">
                </img>
                <span class="method-name">login_test3(TA41, Tigo123!)</span>
                <span class="method-start">0 ms</span>
              </div> <!-- test-method -->
              <div class="test-method">
                <img src="failed.png">
                </img>
                <span class="method-name">login_test1(TA53, Tigo123!)</span>
                <span class="method-start">0 ms</span>
              </div> <!-- test-method -->
              <div class="test-method">
                <img src="failed.png">
                </img>
                <span class="method-name">login_test4(TA42, Tigo123!)</span>
                <span class="method-start">0 ms</span>
              </div> <!-- test-method -->
              <div class="test-method">
                <img src="failed.png">
                </img>
                <span class="method-name">login_test1(TA46, Tigo123!)</span>
                <span class="method-start">0 ms</span>
              </div> <!-- test-method -->
          </div> <!-- main-panel-content rounded-window-bottom -->
        </div> <!-- panel -->
      </div> <!-- main-panel-root -->
    </div> <!-- wrapper -->
  </body>
</html>
